-------------------------------------------------------------------------------
Test set: it.unisa.diem.mycontacts.datastructure.RubricaPreferitiTest
-------------------------------------------------------------------------------
Tests run: 4, Failures: 4, Errors: 0, Skipped: 0, Time elapsed: 0.001 sec <<< FAILURE!
it.unisa.diem.mycontacts.datastructure.RubricaPreferitiTest.testGetElencoPreferiti()  Time elapsed: 0 sec  <<< FAILURE!
java.lang.NullPointerException
	at it.unisa.diem.mycontacts.datastructure.RubricaPreferitiTest.testGetElencoPreferiti(RubricaPreferitiTest.java:93)

it.unisa.diem.mycontacts.datastructure.RubricaPreferitiTest.testAddContattoPreferito()  Time elapsed: 0 sec  <<< FAILURE!
java.lang.NullPointerException
	at it.unisa.diem.mycontacts.datastructure.RubricaPreferitiTest.testAddContattoPreferito(RubricaPreferitiTest.java:54)

it.unisa.diem.mycontacts.datastructure.RubricaPreferitiTest.testRemoveContattoPreferito()  Time elapsed: 0 sec  <<< FAILURE!
java.lang.NullPointerException
	at it.unisa.diem.mycontacts.datastructure.RubricaPreferitiTest.testRemoveContattoPreferito(RubricaPreferitiTest.java:66)

it.unisa.diem.mycontacts.datastructure.RubricaPreferitiTest.testResetRubricaPreferiti()  Time elapsed: 0 sec  <<< FAILURE!
java.lang.NullPointerException
	at it.unisa.diem.mycontacts.datastructure.RubricaPreferitiTest.testResetRubricaPreferiti(RubricaPreferitiTest.java:80)

