<?xml version="1.0" encoding="UTF-8"?>
<testsuite xmlns:xsi="http://www.w3.org/2001/XMLSchema-instance" xsi:noNamespaceSchemaLocation="https://maven.apache.org/surefire/maven-surefire-plugin/xsd/surefire-test-report.xsd" name="it.unisa.diem.mycontacts.datastructure.RubricaTest" time="0.574" tests="10" errors="2" skipped="0" failures="0">
  <properties>
[...]
</properties>
  <testcase name="testRimuoviContatto" classname="it.unisa.diem.mycontacts.datastructure.RubricaTest" time="0.048"/>
  <testcase name="testAggiungiContatto" classname="it.unisa.diem.mycontacts.datastructure.RubricaTest" time="0"/>
  <testcase name="testRimuoviDaPreferiti" classname="it.unisa.diem.mycontacts.datastructure.RubricaTest" time="0.006">
    <error message="Il contatto non è presente nella lista dei preferiti." type="java.lang.IllegalArgumentException">java.lang.IllegalArgumentException: Il contatto non è presente nella lista dei preferiti.
	at it.unisa.diem.mycontacts.datastructure.RubricaTest.testRimuoviDaPreferiti(RubricaTest.java:215)
</error>
  </testcase>
  <testcase name="testRicercaContatti" classname="it.unisa.diem.mycontacts.datastructure.RubricaTest" time="0.009"/>
  <testcase name="testEsportaRubrica" classname="it.unisa.diem.mycontacts.datastructure.RubricaTest" time="0.462">
    <error message="This operation is permitted on the event thread only; currentThread = main" type="java.lang.IllegalStateException">java.lang.IllegalStateException: This operation is permitted on the event thread only; currentThread = main
	at it.unisa.diem.mycontacts.datastructure.RubricaTest.testEsportaRubrica(RubricaTest.java:234)
</error>
  </testcase>
  <testcase name="testAggiungiAPreferiti" classname="it.unisa.diem.mycontacts.datastructure.RubricaTest" time="0.007"/>
  <testcase name="testGetElenco" classname="it.unisa.diem.mycontacts.datastructure.RubricaTest" time="0.002"/>
  <testcase name="testIsRubricaVuota" classname="it.unisa.diem.mycontacts.datastructure.RubricaTest" time="0.002"/>
  <testcase name="testGetElencoPreferiti" classname="it.unisa.diem.mycontacts.datastructure.RubricaTest" time="0"/>
  <testcase name="testResetRubrica" classname="it.unisa.diem.mycontacts.datastructure.RubricaTest" time="0"/>
</testsuite>