<?xml version="1.0" encoding="UTF-8"?>
<testsuite xmlns:xsi="http://www.w3.org/2001/XMLSchema-instance" xsi:noNamespaceSchemaLocation="https://maven.apache.org/surefire/maven-surefire-plugin/xsd/surefire-test-report.xsd" name="it.unisa.diem.mycontacts.datastructure.RubricaPreferitiTest" time="0.001" tests="5" errors="0" skipped="0" failures="0">
  <properties>
[...]
</properties>
  <testcase name="testRemoveContattoPreferito" classname="it.unisa.diem.mycontacts.datastructure.RubricaPreferitiTest" time="0"/>
  <testcase name="testAddContattoPreferito" classname="it.unisa.diem.mycontacts.datastructure.RubricaPreferitiTest" time="0"/>
  <testcase name="testResetRubricaPreferiti" classname="it.unisa.diem.mycontacts.datastructure.RubricaPreferitiTest" time="0"/>
  <testcase name="testGetElencoPreferiti" classname="it.unisa.diem.mycontacts.datastructure.RubricaPreferitiTest" time="0"/>
  <testcase name="testRicercaContattiPreferiti" classname="it.unisa.diem.mycontacts.datastructure.RubricaPreferitiTest" time="0"/>
</testsuite>