<?xml version="1.0" encoding="UTF-8" ?>
<testsuite tests="11" failures="11" name="it.unisa.diem.mycontacts.datastructure.RubricaTest" time="0.314" errors="0" skipped="0">
  <properties>
[...]
</properties>
  <testcase classname="it.unisa.diem.mycontacts.datastructure.RubricaTest" name="it.unisa.diem.mycontacts.datastructure.RubricaTest.testGetElenco" time="0">
    <failure type="java.lang.NullPointerException">java.lang.NullPointerException
	at it.unisa.diem.mycontacts.datastructure.RubricaTest.testGetElenco(RubricaTest.java:77)
</failure>
  </testcase>
  <testcase classname="it.unisa.diem.mycontacts.datastructure.RubricaTest" name="it.unisa.diem.mycontacts.datastructure.RubricaTest.testResetRubrica" time="0">
    <failure type="java.lang.NullPointerException">java.lang.NullPointerException
	at it.unisa.diem.mycontacts.datastructure.RubricaTest.testResetRubrica(RubricaTest.java:150)
</failure>
  </testcase>
  <testcase classname="it.unisa.diem.mycontacts.datastructure.RubricaTest" name="it.unisa.diem.mycontacts.datastructure.RubricaTest.testGetElencoPreferiti" time="0">
    <failure type="java.lang.NullPointerException">java.lang.NullPointerException
	at it.unisa.diem.mycontacts.datastructure.RubricaTest.testGetElencoPreferiti(RubricaTest.java:91)
</failure>
  </testcase>
  <testcase classname="it.unisa.diem.mycontacts.datastructure.RubricaTest" name="it.unisa.diem.mycontacts.datastructure.RubricaTest.testRicercaContatti" time="0">
    <failure type="java.lang.NullPointerException">java.lang.NullPointerException
	at it.unisa.diem.mycontacts.datastructure.RubricaTest.testRicercaContatti(RubricaTest.java:105)
</failure>
  </testcase>
  <testcase classname="it.unisa.diem.mycontacts.datastructure.RubricaTest" name="it.unisa.diem.mycontacts.datastructure.RubricaTest.testAggiungiContatto" time="0">
    <failure type="java.lang.NullPointerException">java.lang.NullPointerException
	at it.unisa.diem.mycontacts.datastructure.RubricaTest.testAggiungiContatto(RubricaTest.java:125)
</failure>
  </testcase>
  <testcase classname="it.unisa.diem.mycontacts.datastructure.RubricaTest" name="it.unisa.diem.mycontacts.datastructure.RubricaTest.testRimuoviContatto" time="0">
    <failure type="java.lang.NullPointerException">java.lang.NullPointerException
	at it.unisa.diem.mycontacts.datastructure.RubricaTest.testRimuoviContatto(RubricaTest.java:137)
</failure>
  </testcase>
  <testcase classname="it.unisa.diem.mycontacts.datastructure.RubricaTest" name="it.unisa.diem.mycontacts.datastructure.RubricaTest.testEsportaRubrica" time="0">
    <failure type="java.lang.NullPointerException">java.lang.NullPointerException
	at it.unisa.diem.mycontacts.datastructure.RubricaTest.testEsportaRubrica(RubricaTest.java:203)
</failure>
  </testcase>
  <testcase classname="it.unisa.diem.mycontacts.datastructure.RubricaTest" name="it.unisa.diem.mycontacts.datastructure.RubricaTest.testAggiungiAPreferiti" time="0">
    <failure type="java.lang.NullPointerException">java.lang.NullPointerException
	at it.unisa.diem.mycontacts.datastructure.RubricaTest.testAggiungiAPreferiti(RubricaTest.java:179)
</failure>
  </testcase>
  <testcase classname="it.unisa.diem.mycontacts.datastructure.RubricaTest" name="it.unisa.diem.mycontacts.datastructure.RubricaTest.testRimuoviDaPreferiti" time="0.016">
    <failure type="java.lang.NullPointerException">java.lang.NullPointerException
	at it.unisa.diem.mycontacts.datastructure.Rubrica.rimuoviDaPreferiti(Rubrica.java:162)
	at it.unisa.diem.mycontacts.datastructure.RubricaTest.testRimuoviDaPreferiti(RubricaTest.java:193)
</failure>
    <system-out>rimuoviDaPreferiti
</system-out>
  </testcase>
  <testcase classname="it.unisa.diem.mycontacts.datastructure.RubricaTest" name="it.unisa.diem.mycontacts.datastructure.RubricaTest.testIsRubricaVuota" time="0">
    <failure type="java.lang.NullPointerException">java.lang.NullPointerException
	at it.unisa.diem.mycontacts.datastructure.RubricaTest.testIsRubricaVuota(RubricaTest.java:164)
</failure>
  </testcase>
  <testcase classname="it.unisa.diem.mycontacts.datastructure.RubricaTest" name="it.unisa.diem.mycontacts.datastructure.RubricaTest.testImportaRubrica" time="0.298">
    <failure type="java.lang.NullPointerException">java.lang.NullPointerException
	at it.unisa.diem.mycontacts.datastructure.RubricaTest.testImportaRubrica(RubricaTest.java:226)
</failure>
  </testcase>
</testsuite>